UMLibrary/build/outputs/logs/manifest-merger-debug-report.txt
-- Merging decision tree log ---
manifest
ADDED from Dadpat\UMLibrary\AndroidManifest.xml:2:1-5:12
INJECTED from Dadpat\UMLibrary\AndroidManifest.xml:2:1-5:12
INJECTED from Dadpat\UMLibrary\AndroidManifest.xml:2:1-5:12
INJECTED from Dadpat\UMLibrary\AndroidManifest.xml:2:1-5:12
INJECTED from Dadpat\UMLibrary\AndroidManifest.xml:2:1-5:12
INJECTED from Dadpat\UMLibrary\AndroidManifest.xml:2:1-5:12
INJECTED from Dadpat\UMLibrary\AndroidManifest.xml:2:1-5:12
	package
		ADDED from Dadpat\UMLibrary\AndroidManifest.xml:3:5-36
		INJECTED from Dadpat\UMLibrary\AndroidManifest.xml
		INJECTED from Dadpat\UMLibrary\AndroidManifest.xml
	android:versionName
		INJECTED from Dadpat\UMLibrary\AndroidManifest.xml
		ADDED from Dadpat\UMLibrary\AndroidManifest.xml:2:1-5:12
		INJECTED from Dadpat\UMLibrary\AndroidManifest.xml
	android:versionCode
		INJECTED from Dadpat\UMLibrary\AndroidManifest.xml
		ADDED from Dadpat\UMLibrary\AndroidManifest.xml:2:1-5:12
		INJECTED from Dadpat\UMLibrary\AndroidManifest.xml
	xmlns:android
		ADDED from Dadpat\UMLibrary\AndroidManifest.xml:2:11-69
uses-sdk
INJECTED from Dadpat\UMLibrary\AndroidManifest.xml reason: use-sdk injection requested
INJECTED from Dadpat\UMLibrary\AndroidManifest.xml
INJECTED from Dadpat\UMLibrary\AndroidManifest.xml
INJECTED from Dadpat\UMLibrary\AndroidManifest.xml
INJECTED from Dadpat\UMLibrary\AndroidManifest.xml
	android:targetSdkVersion
		INJECTED from Dadpat\UMLibrary\AndroidManifest.xml
		ADDED from Dadpat\UMLibrary\AndroidManifest.xml
		INJECTED from Dadpat\UMLibrary\AndroidManifest.xml
	android:minSdkVersion
		INJECTED from Dadpat\UMLibrary\AndroidManifest.xml
		ADDED from Dadpat\UMLibrary\AndroidManifest.xml
		INJECTED from Dadpat\UMLibrary\AndroidManifest.xml